<?xml version="1.0" encoding="UTF-8"?>
<!-- Generated by org.testng.reporters.JUnitXMLReporter -->
<testsuite ignored="2" hostname="DESKTOP-K8U4OTN" failures="2" tests="4" name="batch" time="18.895" errors="0" timestamp="2023-08-09T17:48:04 IST">
  <testcase classname="com.practice.CorpbyhrHead" name="createCorp" time="0.012">
    <failure type="java.lang.AssertionError" message="null">
      <![CDATA[java.lang.AssertionError: null
at com.practice.CorpbyhrHead.createCorp(CorpbyhrHead.java:12)
at java.base/java.util.ArrayList.forEach(ArrayList.java:1511)
... Removed 29 stack frames]]>
    </failure>
  </testcase> <!-- createCorp -->
  <testcase classname="com.practice.CorpbyhrHead" name="editCorp" time="0.002"/>
  <testcase classname="com.practice.Empbyhrassis" name="createEmp" time="0.005">
    <failure type="java.lang.AssertionError" message="null">
      <![CDATA[java.lang.AssertionError: null
at com.practice.Empbyhrassis.createEmp(Empbyhrassis.java:12)
at java.base/java.util.ArrayList.forEach(ArrayList.java:1511)
... Removed 29 stack frames]]>
    </failure>
  </testcase> <!-- createEmp -->
  <testcase classname="com.practice.Empbyhrassis" name="editEmp" time="0.001"/>
  <testcase classname="com.hrm.GenericUtility.Baseclass" name="@BeforeSuite config_BS" time="0.0">
    <ignored/>
  </testcase> <!-- @BeforeSuite config_BS -->
  <testcase classname="com.hrm.GenericUtility.Baseclass" name="@AfterSuite cofig_AS" time="0.0">
    <ignored/>
  </testcase> <!-- @AfterSuite cofig_AS -->
</testsuite> <!-- batch -->
