<?xml version="1.0" encoding="UTF-8"?>
<!-- Generated by org.testng.reporters.JUnitXMLReporter -->
<testsuite ignored="2" hostname="DESKTOP-K8U4OTN" failures="0" tests="4" name="Test 1" time="10.41" errors="0" timestamp="2023-08-08T10:53:45 IST">
  <testcase classname="com.hrm.GenericUtility.Baseclass" name="@BeforeClass config_BC" time="4.767">
    <failure type="io.github.bonigarcia.wdm.WebDriverManagerException" message="java.util.NoSuchElementException">
      <![CDATA[io.github.bonigarcia.wdm.WebDriverManagerException: java.util.NoSuchElementException
at io.github.bonigarcia.wdm.WebDriverManager.handleException(WebDriverManager.java:776)
at io.github.bonigarcia.wdm.WebDriverManager.manage(WebDriverManager.java:550)
at io.github.bonigarcia.wdm.WebDriverManager.handleException(WebDriverManager.java:773)
at io.github.bonigarcia.wdm.WebDriverManager.manage(WebDriverManager.java:550)
at io.github.bonigarcia.wdm.WebDriverManager.handleException(WebDriverManager.java:766)
at io.github.bonigarcia.wdm.WebDriverManager.manage(WebDriverManager.java:550)
at io.github.bonigarcia.wdm.WebDriverManager.setup(WebDriverManager.java:260)
at com.hrm.GenericUtility.Baseclass.config_BC(Baseclass.java:44)
at java.base/java.util.ArrayList.forEach(ArrayList.java:1511)
at java.base/java.util.concurrent.FutureTask.run(FutureTask.java:264)
at java.base/java.util.concurrent.ThreadPoolExecutor.runWorker(ThreadPoolExecutor.java:1136)
at java.base/java.util.concurrent.ThreadPoolExecutor$Worker.run(ThreadPoolExecutor.java:635)
at java.base/java.lang.Thread.run(Thread.java:833)
Caused by: java.util.NoSuchElementException
at java.base/java.util.ArrayList$Itr.next(ArrayList.java:970)
at io.github.bonigarcia.wdm.EdgeDriverManager.checkLatest(EdgeDriverManager.java:179)
at io.github.bonigarcia.wdm.WebDriverManager.filterCandidateUrls(WebDriverManager.java:799)
at io.github.bonigarcia.wdm.WebDriverManager.downloadAndExport(WebDriverManager.java:568)
at io.github.bonigarcia.wdm.WebDriverManager.manage(WebDriverManager.java:547)
... 27 more
... Removed 16 stack frames]]>
    </failure>
  </testcase> <!-- @BeforeClass config_BC -->
  <testcase classname="com.hrm.GenericUtility.Baseclass" name="@BeforeMethod cofig_BM" time="-1.691472219962E9">
    <skipped/>
  </testcase> <!-- @BeforeMethod cofig_BM -->
  <testcase classname="com.hrm.GenericUtility.Baseclass" name="@AfterMethod cofig_AM" time="-1.691472219985E9">
    <skipped/>
  </testcase> <!-- @AfterMethod cofig_AM -->
  <testcase classname="com.hrm.GenericUtility.Baseclass" name="@BeforeMethod cofig_BM" time="-1.691472219997E9">
    <skipped/>
  </testcase> <!-- @BeforeMethod cofig_BM -->
  <testcase classname="com.hrm.GenericUtility.Baseclass" name="@AfterMethod cofig_AM" time="-1.691472220009E9">
    <skipped/>
  </testcase> <!-- @AfterMethod cofig_AM -->
  <testcase classname="com.hrm.GenericUtility.Baseclass" name="@AfterClass config_AC" time="-1.691472220016E9">
    <skipped/>
  </testcase> <!-- @AfterClass config_AC -->
  <testcase classname="com.hrm.GenericUtility.Baseclass" name="@BeforeClass config_BC" time="5.396">
    <failure type="io.github.bonigarcia.wdm.WebDriverManagerException" message="java.util.NoSuchElementException">
      <![CDATA[io.github.bonigarcia.wdm.WebDriverManagerException: java.util.NoSuchElementException
at io.github.bonigarcia.wdm.WebDriverManager.handleException(WebDriverManager.java:776)
at io.github.bonigarcia.wdm.WebDriverManager.manage(WebDriverManager.java:550)
at io.github.bonigarcia.wdm.WebDriverManager.handleException(WebDriverManager.java:773)
at io.github.bonigarcia.wdm.WebDriverManager.manage(WebDriverManager.java:550)
at io.github.bonigarcia.wdm.WebDriverManager.handleException(WebDriverManager.java:766)
at io.github.bonigarcia.wdm.WebDriverManager.manage(WebDriverManager.java:550)
at io.github.bonigarcia.wdm.WebDriverManager.setup(WebDriverManager.java:260)
at com.hrm.GenericUtility.Baseclass.config_BC(Baseclass.java:44)
at java.base/java.util.ArrayList.forEach(ArrayList.java:1511)
at java.base/java.util.concurrent.FutureTask.run(FutureTask.java:264)
at java.base/java.util.concurrent.ThreadPoolExecutor.runWorker(ThreadPoolExecutor.java:1136)
at java.base/java.util.concurrent.ThreadPoolExecutor$Worker.run(ThreadPoolExecutor.java:635)
at java.base/java.lang.Thread.run(Thread.java:833)
Caused by: java.util.NoSuchElementException
at java.base/java.util.ArrayList$Itr.next(ArrayList.java:970)
at io.github.bonigarcia.wdm.EdgeDriverManager.checkLatest(EdgeDriverManager.java:179)
at io.github.bonigarcia.wdm.WebDriverManager.filterCandidateUrls(WebDriverManager.java:799)
at io.github.bonigarcia.wdm.WebDriverManager.downloadAndExport(WebDriverManager.java:568)
at io.github.bonigarcia.wdm.WebDriverManager.manage(WebDriverManager.java:547)
... 27 more
... Removed 16 stack frames]]>
    </failure>
  </testcase> <!-- @BeforeClass config_BC -->
  <testcase classname="com.hrm.GenericUtility.Baseclass" name="@BeforeMethod cofig_BM" time="-1.69147222543E9">
    <skipped/>
  </testcase> <!-- @BeforeMethod cofig_BM -->
  <testcase classname="com.hrm.GenericUtility.Baseclass" name="@AfterMethod cofig_AM" time="-1.691472225447E9">
    <skipped/>
  </testcase> <!-- @AfterMethod cofig_AM -->
  <testcase classname="com.hrm.GenericUtility.Baseclass" name="@BeforeMethod cofig_BM" time="-1.691472225454E9">
    <skipped/>
  </testcase> <!-- @BeforeMethod cofig_BM -->
  <testcase classname="com.hrm.GenericUtility.Baseclass" name="@AfterMethod cofig_AM" time="-1.691472225464E9">
    <skipped/>
  </testcase> <!-- @AfterMethod cofig_AM -->
  <testcase classname="com.hrm.GenericUtility.Baseclass" name="@AfterClass config_AC" time="-1.691472225471E9">
    <skipped/>
  </testcase> <!-- @AfterClass config_AC -->
  <testcase classname="com.practice.CorpbyhrHead" name="createCorp" time="0.0">
    <skipped/>
  </testcase> <!-- createCorp -->
  <testcase classname="com.practice.CorpbyhrHead" name="editCorp" time="0.0">
    <skipped/>
  </testcase> <!-- editCorp -->
  <testcase classname="com.practice.Branch_hrHead" name="createBranch" time="0.0">
    <skipped/>
  </testcase> <!-- createBranch -->
  <testcase classname="com.practice.Branch_hrHead" name="editBranch" time="0.0">
    <skipped/>
  </testcase> <!-- editBranch -->
  <testcase classname="com.hrm.GenericUtility.Baseclass" name="@BeforeSuite config_BS" time="0.0">
    <ignored/>
  </testcase> <!-- @BeforeSuite config_BS -->
  <testcase classname="com.hrm.GenericUtility.Baseclass" name="@AfterSuite cofig_AS" time="0.0">
    <ignored/>
  </testcase> <!-- @AfterSuite cofig_AS -->
</testsuite> <!-- Test 1 -->
