<?xml version="1.0" encoding="UTF-8"?>
<!-- Generated by org.testng.reporters.JUnitXMLReporter -->
<testsuite ignored="2" hostname="DESKTOP-K8U4OTN" failures="0" tests="2" name="Test" time="190.717" errors="0" timestamp="2023-08-10T13:27:36 IST">
  <testcase classname="HRM.Create_corporatebyHrhead_useinOfficer_Test" name="createCorporate" time="85.479"/>
  <testcase classname="HRM.Create_Emp_hrofficer_validateinHrHead_test" name="employeeCreation" time="82.97"/>
  <testcase classname="com.hrm.GenericUtility.Baseclass" name="@BeforeSuite config_BS" time="0.0">
    <ignored/>
  </testcase> <!-- @BeforeSuite config_BS -->
  <testcase classname="com.hrm.GenericUtility.Baseclass" name="@AfterSuite cofig_AS" time="0.0">
    <ignored/>
  </testcase> <!-- @AfterSuite cofig_AS -->
</testsuite> <!-- Test -->
